..........ets Jul 29 2019 12:21:46

rst:0x1 (POWERON_RESET),boot:0x13 (SPI_FAST_FLASH_BOOT)
configsip: 0, SPIWP:0xee
clk_drv:0x00,q_drv:0x00,d_drv:0x00,cs0_drv:0x00,hd_drv:0x00,wp_drv:0x00
mode:DIO, clock div:2
load:0x3fff0030,len:1184
load:0x40078000,len:13192
load:0x40080400,len:3028
entry 0x400805e4
[    28][D][esp32-hal-cpu.c:244] setCpuFrequencyMhz(): PLL: 480 / 2 = 240 Mhz, APB: 80000000 Hz
[   481][I][esp32-hal-i2c.c:75] i2cInit(): Initialising I2C Master: sda=33 scl=32 freq=100000
[   500][D][WiFiGeneric.cpp:1035] _eventCallback(): Arduino Event: 0 - WIFI_READY
[   599][V][WiFiGeneric.cpp:97] set_esp_interface_ip(): Configuring Station static IP: 0.0.0.0, MASK: 0.0.0.0, GW: 0.0.0.0
[   597][V][WiFiGeneric.cpp:340] _arduino_event_cb(): STA Started
[   604][D][WiFiGeneric.cpp:1035] _eventCallback(): Arduino Event: 2 - STA_START
[   804][V][WiFiGeneric.cpp:355] _arduino_event_cb(): STA Connected: SSID: Oscar, BSSID: fe:a7:3a:8c:40:08, Channel: 6, Auth: WPA2_PSK
[   805][D][WiFiGeneric.cpp:1035] _eventCallback(): Arduino Event: 4 - STA_CONNECTED
[   839][V][WiFiGeneric.cpp:369] _arduino_event_cb(): STA Got New IP:172.20.10.2
[   840][D][WiFiGeneric.cpp:1035] _eventCallback(): Arduino Event: 7 - STA_GOT_IP
[   843][D][WiFiGeneric.cpp:1098] _eventCallback(): STA IP: 172.20.10.2, MASK: 255.255.255.240, GW: 172.20.10.1
.[  1162][V][HTTPClient.cpp:252] beginInternal(): url: http://172.20.10.13/snapshot
[  1163][D][HTTPClient.cpp:303] beginInternal(): protocol: http, host: 172.20.10.13 port: 80 url: /snapshot
[  1168][D][HTTPClient.cpp:598] sendRequest(): request type: 'GET' redirCount: 0

[  1763][D][HTTPClient.cpp:1170] connect():  connected to 172.20.10.13:80
[  2276][V][HTTPClient.cpp:1264] handleHeaderResponse(): RX: 'HTTP/1.1 200 OK'
[  2277][V][HTTPClient.cpp:1264] handleHeaderResponse(): RX: 'Content-Type: image/jpeg'
[  2280][V][HTTPClient.cpp:1264] handleHeaderResponse(): RX: 'Cache-Control: no-cache, no-store, must-revalidate'
[  2290][V][HTTPClient.cpp:1264] handleHeaderResponse(): RX: 'Content-Length: 3896'
[  2297][V][HTTPClient.cpp:1264] handleHeaderResponse(): RX: 'Connection: close'
[  2304][V][HTTPClient.cpp:1264] handleHeaderResponse(): RX: ''
[  2310][D][HTTPClient.cpp:1321] handleHeaderResponse(): code: 200
[  2316][D][HTTPClient.cpp:1324] handleHeaderResponse(): size: 3896
[  2322][D][HTTPClient.cpp:642] sendRequest(): sendRequest code=200

54 ms
[  6218][D][HTTPClient.cpp:598] sendRequest(): request type: 'GET' redirCount: 0

[  6219][D][HTTPClient.cpp:1130] connect(): already connected, reusing connection
[  6479][D][WiFiClient.cpp:546] connected(): Disconnected: RES: 0, ERR: 128
[  6479][D][HTTPClient.cpp:642] sendRequest(): sendRequest code=-5

[  6481][W][HTTPClient.cpp:1483] returnError(): error(-5): connection lost
HTTP GET returned negative or zero response code, error: connection lost
[  6498][D][HTTPClient.cpp:598] sendRequest(): request type: 'GET' redirCount: 0

[  8318][D][HTTPClient.cpp:1170] connect():  connected to 172.20.10.13:80
[  8728][V][HTTPClient.cpp:1264] handleHeaderResponse(): RX: 'HTTP/1.1 200 OK'
[  8729][V][HTTPClient.cpp:1264] handleHeaderResponse(): RX: 'Content-Type: image/jpeg'
[  8733][V][HTTPClient.cpp:1264] handleHeaderResponse(): RX: 'Cache-Control: no-cache, no-store, must-revalidate'
[  8742][V][HTTPClient.cpp:1264] handleHeaderResponse(): RX: 'Content-Length: 3896'
[  8749][V][HTTPClient.cpp:1264] handleHeaderResponse(): RX: 'Connection: close'
[  8756][V][HTTPClient.cpp:1264] handleHeaderResponse(): RX: ''
[  8762][D][HTTPClient.cpp:1321] handleHeaderResponse(): code: 200
[  8768][D][HTTPClient.cpp:1324] handleHeaderResponse(): size: 3896
[  8774][D][HTTPClient.cpp:642] sendRequest(): sendRequest code=200

49 ms
[  8839][D][HTTPClient.cpp:598] sendRequest(): request type: 'GET' redirCount: 0

[  8841][D][WiFiClient.cpp:546] connected(): Disconnected: RES: 0, ERR: 128
[  8886][D][HTTPClient.cpp:1170] connect():  connected to 172.20.10.13:80
[  9138][V][HTTPClient.cpp:1264] handleHeaderResponse(): RX: 'HTTP/1.1 200 OK'
[  9139][V][HTTPClient.cpp:1264] handleHeaderResponse(): RX: 'Content-Type: image/jpeg'
[  9142][V][HTTPClient.cpp:1264] handleHeaderResponse(): RX: 'Cache-Control: no-cache, no-store, must-revalidate'
[  9152][V][HTTPClient.cpp:1264] handleHeaderResponse(): RX: 'Content-Length: 3896'
[  9159][V][HTTPClient.cpp:1264] handleHeaderResponse(): RX: 'Connection: close'
[  9167][V][HTTPClient.cpp:1264] handleHeaderResponse(): RX: ''
[  9172][D][HTTPClient.cpp:1321] handleHeaderResponse(): code: 200
[  9178][D][HTTPClient.cpp:1324] handleHeaderResponse(): size: 3896
[  9184][D][HTTPClient.cpp:642] sendRequest(): sendRequest code=200

50 ms
[  9297][D][HTTPClient.cpp:598] sendRequest(): request type: 'GET' redirCount: 0

[  9299][D][WiFiClient.cpp:546] connected(): Disconnected: RES: 0, ERR: 128
[  9652][D][HTTPClient.cpp:1170] connect():  connected to 172.20.10.13:80
[ 12928][V][HTTPClient.cpp:1264] handleHeaderResponse(): RX: 'HTTP/1.1 200 OK'
[ 12929][V][HTTPClient.cpp:1264] handleHeaderResponse(): RX: 'Content-Type: image/jpeg'
[ 12934][V][HTTPClient.cpp:1264] handleHeaderResponse(): RX: 'Cache-Control: no-cache, no-store, must-revalidate'
[ 12942][V][HTTPClient.cpp:1264] handleHeaderResponse(): RX: 'Content-Length: 4018'
[ 12949][V][HTTPClient.cpp:1264] handleHeaderResponse(): RX: 'Connection: close'
[ 12956][V][HTTPClient.cpp:1264] handleHeaderResponse(): RX: ''
[ 12962][D][HTTPClient.cpp:1321] handleHeaderResponse(): code: 200
[ 12968][D][HTTPClient.cpp:1324] handleHeaderResponse(): size: 4018
[ 12974][D][HTTPClient.cpp:642] sendRequest(): sendRequest code=200

51 ms
[ 15854][D][HTTPClient.cpp:598] sendRequest(): request type: 'GET' redirCount: 0

[ 15856][D][WiFiClient.cpp:546] connected(): Disconnected: RES: 0, ERR: 128
[ 16821][D][HTTPClient.cpp:1170] connect():  connected to 172.20.10.13:80
[ 17737][V][HTTPClient.cpp:1264] handleHeaderResponse(): RX: 'HTTP/1.1 200 OK'
[ 17738][V][HTTPClient.cpp:1264] handleHeaderResponse(): RX: 'Content-Type: image/jpeg'
[ 17741][V][HTTPClient.cpp:1264] handleHeaderResponse(): RX: 'Cache-Control: no-cache, no-store, must-revalidate'
[ 17751][V][HTTPClient.cpp:1264] handleHeaderResponse(): RX: 'Content-Length: 4018'
[ 17758][V][HTTPClient.cpp:1264] handleHeaderResponse(): RX: 'Connection: close'
[ 17765][V][HTTPClient.cpp:1264] handleHeaderResponse(): RX: ''
[ 17771][D][HTTPClient.cpp:1321] handleHeaderResponse(): code: 200
[ 17777][D][HTTPClient.cpp:1324] handleHeaderResponse(): size: 4018
[ 17783][D][HTTPClient.cpp:642] sendRequest(): sendRequest code=200

51 ms
[ 18402][D][HTTPClient.cpp:598] sendRequest(): request type: 'GET' redirCount: 0

[ 18403][D][HTTPClient.cpp:1130] connect(): already connected, reusing connection
[ 18657][D][WiFiClient.cpp:546] connected(): Disconnected: RES: 0, ERR: 128
[ 18658][D][HTTPClient.cpp:642] sendRequest(): sendRequest code=-5

[ 18659][W][HTTPClient.cpp:1483] returnError(): error(-5): connection lost
HTTP GET returned negative or zero response code, error: connection lost
[ 18676][D][HTTPClient.cpp:598] sendRequest(): request type: 'GET' redirCount: 0

