ets Jul 29 2019 12:21:46

rst:0x1 (POWERON_RESET),boot:0x12 (SPI_FAST_FLASH_BOOT)
configsip: 0, SPIWP:0xee
clk_drv:0x00,q_drv:0x00,d_drv:0x00,cs0_drv:0x00,hd_drv:0x00,wp_drv:0x00
mode:DIO, clock div:2
load:0x3fff0030,len:1184
load:0x40078000,len:13192
load:0x40080400,len:3028
entry 0x400805e4
[     4][V][WiFiServer.h:42] WiFiServer(): WiFiServer::WiFiServer(port=80, ...)
[     4][V][WebServer.cpp:87] WebServer(): WebServer::Webserver(port=80)
[    42][D][esp32-hal-cpu.c:244] setCpuFrequencyMhz(): PLL: 480 / 2 = 240 Mhz, APB: 80000000 Hz
[   490][I][esp32-hal-psram.c:96] psramInit(): PSRAM enabled
[   517][V][[   519][I][main.cpp:403] setup(): CPU Freq: 240 Mhz, 2 core(s)
[   519][I][main.cpp:404] setup(): Free heap: 248380 bytes
[   519][I][main.cpp:405] setup(): SDK version: v4.4.4
[   524][I][main.cpp:406] setup(): Starting ESP32CAM-RTSP...
[   529][V][main.cpp:411] setup(): PSRAM found and initialized
Config version: 1.5
Config size: 455
Loading configurations
[iwcAll]
|-- [iwcSys]
|   |-- 'iwcThingName' with value: 'ESP32'
|   |-- 'iwcApPassword' with value: <hidden>
|   |-- [iwcWifi0]
|   |   |-- 'iwcWifiSsid' with value: 'Oscar'
|   |   \-- 'iwcWifiPassword' with value: <hidden>
|   \-- 'iwcApTimeout' with value: '1'
|-- [iwcCustom]
|   |-- [board]
|   |   \-- 'bt' with value: 'AI THINKER'
|   |-- [camera]
|   |   |-- 'fd' with value: '40'
|   |   |-- 'fs' with value: 'QVGA (320x240)'
|   |   |-- 'q' with value: '25'
|   |   |-- 'eps' with value: '1'
|   |   |-- 'fb' with value: '2'
|   |   |-- 'b' with value: '0'
|   |   |-- 'c' with value: '0'
|   |   |-- 's' with value: '0'
|   |   |-- 'e' with value: 'Normal'
|   |   |-- 'wb' with value: '1'
|   |   |-- 'awbg' with value: '1'
|   |   |-- 'wbm' with value: 'Auto'
|   |   |-- 'ec' with value: '1'
|   |   |-- 'aec2' with value: '1'
|   |   |-- 'ael' with value: '0'
|   |   |-- 'aecv' with value: '300'
|   |   |-- 'gc' with value: '1'
|   |   |-- 'agcg' with value: '0'
|   |   |-- 'gcl' with value: '2X'
|   |   |-- 'bpc' with value: '0'
|   |   |-- 'wpc' with value: '1'
|   |   |-- 'rg' with value: '1'
|   |   |-- 'lenc' with value: '1'
|   |   |-- 'hm' with value: '0'
|   |   |-- 'vm' with value: '0'
|   |   |-- 'dcw' with value: '1'
|   |   \-- 'cb' with value: '0'
|   \-- [io]
|       \-- 'li' with value: '0'
\-- [hidden]
[   667][V][main.cpp:289] initialize_camera(): initialize_camera
[   667][I][main.cpp:290] initialize_camera(): Camera config: AI THINKER
[   673][I][main.cpp:296] initialize_camera(): Frame size: QVGA (320x240)
[   679][I][main.cpp:298] initialize_camera(): JPEG quality: 25
[   685][I][main.cpp:299] initialize_camera(): Frame duration: 40 ms
[   691][I][main.cpp:303] initialize_camera(): Enable PSRAM: 1
[   696][I][main.cpp:304] initialize_camera(): Frame buffers: 2
[   702][I][main.cpp:310] initialize_camera(): PSRAM enabled!
[   935][V][esp32-hal-ledc.c:231] analogWrite(): GPIO 4 - Using Channel 15, Value = 0
State changing from: 0 to 2
[   955][D][WiFiGeneric.cpp:1035] _eventCallback(): Arduino Event: 0 - WIFI_READY
Setting up AP: ESP32
Use password: <hidden>
[  1046][V][WiFiGeneric.cpp:392] _arduino_event_cb(): AP Started
[  1047][D][WiFiGeneric.cpp:1035] _eventCallback(): Arduino Event: 10 - AP_START
AP IP address: 192.168.4.1
[  1630][V][WiFiGeneric.cpp:395] _arduino_event_cb(): AP Stopped
[  1630][D][WiFiGeneric.cpp:1035] _eventCallback(): Arduino Event: 11 - AP_STOP
[  1631][V][WiFiGeneric.cpp:392] _arduino_event_cb(): AP Started
[  1638][D][WiFiGeneric.cpp:1035] _eventCallback(): Arduino Event: 10 - AP_START
AP timeout (ms): 1000
State changed from: 0 to 2
State changing from: 2 to 3
[  2660][V][WiFiGeneric.cpp:395] _arduino_event_cb(): AP Stopped
[  2661][D][WiFiGeneric.cpp:1035] _eventCallback(): Arduino Event: 11 - AP_STOP
[  2665][V][WiFiGeneric.cpp:392] _arduino_event_cb(): AP Started
[  2668][D][WiFiGeneric.cpp:1035] _eventCallback(): Arduino Event: 10 - AP_START
CE (5578) wifi_init_default: esp_wifi_get_mac failed with 12289
onnecting to [Oscar[  2681][V][WiFiGeneric.cpp:395] _arduino_event_cb(): AP Stopped
] (password is hidden)[  2691][D][WiFiGeneric.cpp:1035] _eventCallback(): Arduino Event: 11 - AP_STOP

WiFi timeout (ms): 30000
[  2724][D][WiFiGeneric.cpp:1035] _eventCallback(): Arduino Event: 0 - WIFI_READY
[  2731][V][WiFiGeneric.cpp:97] set_esp_interface_ip(): Configuring Station static IP: 0.0.0.0, MASK: 0.0.0.0, GW: 0.0.0.0
[  2730][V][WiFiGeneric.cpp:340] _arduino_event_cb(): STA Started
[  2737][D][WiFiGeneric.cpp:1035] _eventCallback(): Arduino Event: 2 - STA_START
State changed from: 2 to 3
[  3036][V][WiFiGeneric.cpp:355] _arduino_event_cb(): STA Connected: SSID: Oscar, BSSID: ba:ed:5c:9a:19:81, Channel: 6, Auth: WPA2_PSK
[  3037][D][WiFiGeneric.cpp:1035] _eventCallback(): Arduino Event: 4 - STA_CONNECTED
[  3126][V][WiFiGeneric.cpp:369] _arduino_event_cb(): STA Got New IP:172.20.10.13
[  3127][D][WiFiGeneric.cpp:1035] _eventCallback(): Arduino Event: 7 - STA_GOT_IP
[  3130][D][WiFiGeneric.cpp:1098] _eventCallback(): STA IP: 172.20.10.13, MASK: 255.255.255.240, GW: 172.20.10.1
WiFi connected
IP address: 172.20.10.13
State changing from: 3 to 4
[  6253][W][ESPmDNS.cpp:222] queryService(): No results found!
Active mDNS services: 0 
Accepting connection
[  6254][V][main.cpp:365] on_connected(): on_connected
[  6269][I][ArduinoOTA.cpp:141] begin(): OTA server at: esp32-a842e34a12bc.local:3232
[  6269][V][main.cpp:356] start_rtsp_server(): start_rtsp_server
[  6271][V][WiFiServer.h:42] WiFiServer(): WiFiServer::WiFiServer(port=554, ...)
[  6278][I][rtsp_server.cpp:9] rtsp_server(): Starting RTSP server
State changed from: 3 to 4
